#
# There is insufficient memory for the Java Runtime Environment to continue.
# Native memory allocation (malloc) failed to allocate 329664 bytes. Error detail: Chunk::new
# Possible reasons:
#   The system is out of physical RAM or swap space
#   This process is running with CompressedOops enabled, and the Java Heap may be blocking the growth of the native heap
# Possible solutions:
#   Reduce memory load on the system
#   Increase physical memory or swap space
#   Check if swap backing store is full
#   Decrease Java heap size (-Xmx/-Xms)
#   Decrease number of Java threads
#   Decrease Java thread stack sizes (-Xss)
#   Set larger code cache with -XX:ReservedCodeCacheSize=
#   JVM is running with Unscaled Compressed Oops mode in which the Java heap is
#     placed in the first 4GB address space. The Java Heap base address is the
#     maximum limit for the native heap growth. Please use -XX:HeapBaseMinAddress
#     to set the Java Heap base and to place the Java Heap above 4GB virtual address.
# This output file may be truncated or incomplete.
#
#  Out of Memory Error (arena.cpp:168), pid=3360, tid=10620
#
# JRE version: OpenJDK Runtime Environment Temurin-21.0.10+7 (21.0.10+7) (build 21.0.10+7-LTS)
# Java VM: OpenJDK 64-Bit Server VM Temurin-21.0.10+7 (21.0.10+7-LTS, mixed mode, sharing, tiered, compressed oops, compressed class ptrs, parallel gc, windows-amd64)
# No core dump will be written. Minidumps are not enabled by default on client versions of Windows
#

---------------  S U M M A R Y ------------

Command Line: --add-modules=ALL-SYSTEM --add-opens=java.base/java.util=ALL-UNNAMED --add-opens=java.base/java.lang=ALL-UNNAMED --add-opens=java.base/sun.nio.fs=ALL-UNNAMED -Declipse.application=org.eclipse.jdt.ls.core.id1 -Dosgi.bundles.defaultStartLevel=4 -Declipse.product=org.eclipse.jdt.ls.core.product -Djava.import.generatesMetadataFilesAtProjectRoot=false -DDetectVMInstallationsJob.disabled=true -Dfile.encoding=utf8 -XX:+UseParallelGC -XX:GCTimeRatio=4 -XX:AdaptiveSizePolicyWeight=90 -Dsun.zip.disableMemoryMapping=true -Xmx2G -Xms100m -Xlog:disable -javaagent:c:\Users\Roopkiran Dhillon\.vscode\extensions\redhat.java-1.53.0-win32-x64\lombok\lombok-1.18.39-4050.jar -XX:+HeapDumpOnOutOfMemoryError -XX:HeapDumpPath=c:\Users\Roopkiran Dhillon\AppData\Roaming\Code\User\workspaceStorage\709dc775610fadc2579a0eeb08c360c2\redhat.java -Daether.dependencyCollector.impl=bf c:\Users\Roopkiran Dhillon\.vscode\extensions\redhat.java-1.53.0-win32-x64\server\plugins\org.eclipse.equinox.launcher_1.7.100.v20251111-0406.jar -configuration c:\Users\Roopkiran Dhillon\AppData\Roaming\Code\User\globalStorage\redhat.java\1.53.0\config_win -data c:\Users\Roopkiran Dhillon\AppData\Roaming\Code\User\workspaceStorage\709dc775610fadc2579a0eeb08c360c2\redhat.java\jdt_ws --pipe=\\.\pipe\lsp-8b0e28e54497637a69487fbc0d6f7b62-sock

Host: Intel(R) Core(TM) i5-8250U CPU @ 1.60GHz, 8 cores, 7G,  Windows 11 , 64 bit Build 26100 (10.0.26100.6725)
Time: Sun Mar 22 18:38:01 2026 Eastern Daylight Time elapsed time: 2.517093 seconds (0d 0h 0m 2s)

---------------  T H R E A D  ---------------

Current thread (0x0000024ef9cbf290):  JavaThread "C2 CompilerThread1" daemon [_thread_in_native, id=10620, stack(0x0000005c7c800000,0x0000005c7c900000) (1024K)]


Current CompileTask:
C2:2517  821       4       lombok.patcher.scripts.MethodLevelPatchScript::patch (21 bytes)

Stack: [0x0000005c7c800000,0x0000005c7c900000]
Native frames: (J=compiled Java code, j=interpreted, Vv=VM code, C=native code)
V  [jvm.dll+0x6d7a39]
V  [jvm.dll+0x8b4b26]
V  [jvm.dll+0x8b70de]
V  [jvm.dll+0x8b77c3]
V  [jvm.dll+0x284346]
V  [jvm.dll+0xc66ed]
V  [jvm.dll+0xc6c31]
V  [jvm.dll+0x3bec3b]
V  [jvm.dll+0x38b162]
V  [jvm.dll+0x38a5aa]
V  [jvm.dll+0x24c560]
V  [jvm.dll+0x24bb40]
V  [jvm.dll+0x1cb34e]
V  [jvm.dll+0x25b85d]
V  [jvm.dll+0x259dea]
V  [jvm.dll+0x3f857e]
V  [jvm.dll+0x85f59d]
V  [jvm.dll+0x6d626d]
C  [ucrtbase.dll+0x37b0]
C  [KERNEL32.DLL+0x2e8d7]
C  [ntdll.dll+0x8c53c]


---------------  P R O C E S S  ---------------

Threads class SMR info:
_java_thread_list=0x0000024ef9b86910, length=13, elements={
0x0000024eee2d98a0, 0x0000024ef075b6c0, 0x0000024ef0615b30, 0x0000024ef0618120,
0x0000024ef061af30, 0x0000024ef061cea0, 0x0000024ef061c180, 0x0000024ef0624380,
0x0000024ef991bf20, 0x0000024ef061ef70, 0x0000024ef061d530, 0x0000024ef9cbf290,
0x0000024ef9cb63c0
}

Java Threads: ( => current thread )
  0x0000024eee2d98a0 JavaThread "main"                              [_thread_in_native, id=15788, stack(0x0000005c7ba00000,0x0000005c7bb00000) (1024K)]
  0x0000024ef075b6c0 JavaThread "Reference Handler"          daemon [_thread_blocked, id=20108, stack(0x0000005c7be00000,0x0000005c7bf00000) (1024K)]
  0x0000024ef0615b30 JavaThread "Finalizer"                  daemon [_thread_blocked, id=13532, stack(0x0000005c7bf00000,0x0000005c7c000000) (1024K)]
  0x0000024ef0618120 JavaThread "Signal Dispatcher"          daemon [_thread_blocked, id=19616, stack(0x0000005c7c000000,0x0000005c7c100000) (1024K)]
  0x0000024ef061af30 JavaThread "Attach Listener"            daemon [_thread_blocked, id=17732, stack(0x0000005c7c100000,0x0000005c7c200000) (1024K)]
  0x0000024ef061cea0 JavaThread "Service Thread"             daemon [_thread_blocked, id=10836, stack(0x0000005c7c200000,0x0000005c7c300000) (1024K)]
  0x0000024ef061c180 JavaThread "Monitor Deflation Thread"   daemon [_thread_blocked, id=3892, stack(0x0000005c7c300000,0x0000005c7c400000) (1024K)]
  0x0000024ef0624380 JavaThread "C2 CompilerThread0"         daemon [_thread_blocked, id=16812, stack(0x0000005c7c400000,0x0000005c7c500000) (1024K)]
  0x0000024ef991bf20 JavaThread "C1 CompilerThread0"         daemon [_thread_blocked, id=16720, stack(0x0000005c7c500000,0x0000005c7c600000) (1024K)]
  0x0000024ef061ef70 JavaThread "Common-Cleaner"             daemon [_thread_blocked, id=13044, stack(0x0000005c7c700000,0x0000005c7c800000) (1024K)]
  0x0000024ef061d530 JavaThread "Notification Thread"        daemon [_thread_blocked, id=13288, stack(0x0000005c7c600000,0x0000005c7c700000) (1024K)]
=>0x0000024ef9cbf290 JavaThread "C2 CompilerThread1"         daemon [_thread_in_native, id=10620, stack(0x0000005c7c800000,0x0000005c7c900000) (1024K)]
  0x0000024ef9cb63c0 JavaThread "C2 CompilerThread2"         daemon [_thread_blocked, id=2304, stack(0x0000005c7c900000,0x0000005c7ca00000) (1024K)]
Total: 13

Other Threads:
  0x0000024ef0612640 VMThread "VM Thread"                           [id=1824, stack(0x0000005c7bd00000,0x0000005c7be00000) (1024K)]
  0x0000024ef052ba00 WatcherThread "VM Periodic Task Thread"        [id=19536, stack(0x0000005c7bc00000,0x0000005c7bd00000) (1024K)]
  0x0000024ef06bab50 WorkerThread "GC Thread#0"                     [id=19496, stack(0x0000005c7bb00000,0x0000005c7bc00000) (1024K)]
Total: 3

Threads with active compile tasks:
C2 CompilerThread1  2610  821       4       lombok.patcher.scripts.MethodLevelPatchScript::patch (21 bytes)
Total: 1

VM state: not at safepoint (normal execution)

VM Mutex/Monitor currently owned by a thread: None

Heap address: 0x0000000080000000, size: 2048 MB, Compressed Oops mode: 32-bit

CDS archive(s) mapped at: [0x0000024e8f000000-0x0000024e8fba0000-0x0000024e8fba0000), size 12189696, SharedBaseAddress: 0x0000024e8f000000, ArchiveRelocationMode: 1.
Compressed class space mapped at: 0x0000024e90000000-0x0000024ed0000000, reserved size: 1073741824
Narrow klass base: 0x0000024e8f000000, Narrow klass shift: 0, Narrow klass range: 0x100000000

GC Precious Log:
 CardTable entry size: 512
 CPUs: 8 total, 8 available
 Memory: 8109M
 Large Page Support: Disabled
 NUMA Support: Disabled
 Compressed Oops: Enabled (32-bit)
 Alignments: Space 512K, Generation 512K, Heap 2M
 Heap Min Capacity: 100M
 Heap Initial Capacity: 100M
 Heap Max Capacity: 2G
 Pre-touch: Disabled
 Parallel Workers: 8

Heap:
 PSYoungGen      total 29696K, used 17679K [0x00000000d5580000, 0x00000000d7680000, 0x0000000100000000)
  eden space 25600K, 69% used [0x00000000d5580000,0x00000000d66c3e18,0x00000000d6e80000)
  from space 4096K, 0% used [0x00000000d7280000,0x00000000d7280000,0x00000000d7680000)
  to   space 4096K, 0% used [0x00000000d6e80000,0x00000000d6e80000,0x00000000d7280000)
 ParOldGen       total 68608K, used 0K [0x0000000080000000, 0x0000000084300000, 0x00000000d5580000)
  object space 68608K, 0% used [0x0000000080000000,0x0000000080000000,0x0000000084300000)
 Metaspace       used 3468K, committed 3712K, reserved 1114112K
  class space    used 376K, committed 512K, reserved 1048576K

Card table byte_map: [0x0000024ef0040000,0x0000024ef0450000] _byte_map_base: 0x0000024eefc40000

Marking Bits: (ParMarkBitMap*) 0x00007ffd5a643450
 Begin Bits: [0x0000024ef3b50000, 0x0000024ef5b50000)
 End Bits:   [0x0000024ef5b50000, 0x0000024ef7b50000)

Polling page: 0x0000024eee280000

Metaspace:

Usage:
  Non-class:      3.02 MB used.
      Class:    376.49 KB used.
       Both:      3.39 MB used.

Virtual space:
  Non-class space:       64.00 MB reserved,       3.12 MB (  5%) committed,  1 nodes.
      Class space:        1.00 GB reserved,     512.00 KB ( <1%) committed,  1 nodes.
             Both:        1.06 GB reserved,       3.62 MB ( <1%) committed. 

Chunk freelists:
   Non-Class:  11.47 MB
       Class:  15.47 MB
        Both:  26.95 MB

MaxMetaspaceSize: unlimited
CompressedClassSpaceSize: 1.00 GB
Initial GC threshold: 21.00 MB
Current GC threshold: 21.00 MB
CDS: on
 - commit_granule_bytes: 65536.
 - commit_granule_words: 8192.
 - virtual_space_node_default_size: 8388608.
 - enlarge_chunks_in_place: 1.
 - use_allocation_guard: 0.


Internal statistics:

num_allocs_failed_limit: 0.
num_arena_births: 170.
num_arena_deaths: 0.
num_vsnodes_births: 2.
num_vsnodes_deaths: 0.
num_space_committed: 58.
num_space_uncommitted: 0.
num_chunks_returned_to_freelist: 0.
num_chunks_taken_from_freelist: 213.
num_chunk_merges: 0.
num_chunk_splits: 139.
num_chunks_enlarged: 77.
num_inconsistent_stats: 0.

CodeHeap 'non-profiled nmethods': size=120000Kb used=356Kb max_used=356Kb free=119643Kb
 bounds [0x0000024e87ad0000, 0x0000024e87d40000, 0x0000024e8f000000]
CodeHeap 'profiled nmethods': size=120000Kb used=1437Kb max_used=1437Kb free=118562Kb
 bounds [0x0000024e80000000, 0x0000024e80270000, 0x0000024e87530000]
CodeHeap 'non-nmethods': size=5760Kb used=1189Kb max_used=1227Kb free=4570Kb
 bounds [0x0000024e87530000, 0x0000024e877a0000, 0x0000024e87ad0000]
CodeCache: size=245760Kb, used=2982Kb, max_used=3020Kb, free=242775Kb
 total_blobs=1371, nmethods=922, adapters=356, full_count=0
Compilation: enabled, stopped_count=0, restarted_count=0

Compilation events (20 events):
Event: 2.422 Thread 0x0000024ef0624380  889       4       java.lang.String::getBytes (44 bytes)
Event: 2.429 Thread 0x0000024ef991bf20 nmethod 883 0x0000024e80150690 code [0x0000024e80150a40, 0x0000024e80151dc0]
Event: 2.429 Thread 0x0000024ef991bf20  886       3       jdk.internal.org.objectweb.asm.SymbolTable$Entry::<init> (20 bytes)
Event: 2.430 Thread 0x0000024ef991bf20 nmethod 886 0x0000024e80152310 code [0x0000024e801524c0, 0x0000024e80152618]
Event: 2.430 Thread 0x0000024ef991bf20  884       3       java.lang.invoke.MemberName::isPrivate (8 bytes)
Event: 2.430 Thread 0x0000024ef0624380 nmethod 889 0x0000024e87b25090 code [0x0000024e87b25220, 0x0000024e87b25390]
Event: 2.430 Thread 0x0000024ef991bf20 nmethod 884 0x0000024e80152710 code [0x0000024e801528c0, 0x0000024e80152a80]
Event: 2.430 Thread 0x0000024ef0624380  890       4       java.lang.invoke.MethodType::parameterCount (6 bytes)
Event: 2.434 Thread 0x0000024ef991bf20  885       3       java.lang.invoke.InvokerBytecodeGenerator::emitStaticInvoke (258 bytes)
Event: 2.436 Thread 0x0000024ef0624380 nmethod 890 0x0000024e87b25490 code [0x0000024e87b25620, 0x0000024e87b256c8]
Event: 2.438 Thread 0x0000024ef991bf20 nmethod 885 0x0000024e80152b10 code [0x0000024e80152e40, 0x0000024e80153c90]
Event: 2.441 Thread 0x0000024ef991bf20  891       3       java.lang.invoke.InvokerBytecodeGenerator::storeInsnOpcode (98 bytes)
Event: 2.442 Thread 0x0000024ef991bf20 nmethod 891 0x0000024e80154290 code [0x0000024e80154500, 0x0000024e80154e48]
Event: 2.442 Thread 0x0000024ef991bf20  892       3       jdk.internal.org.objectweb.asm.Frame::pop (53 bytes)
Event: 2.443 Thread 0x0000024ef991bf20 nmethod 892 0x0000024e80155190 code [0x0000024e801553e0, 0x0000024e80155b38]
Event: 2.508 Thread 0x0000024ef991bf20  893       3       jdk.internal.org.objectweb.asm.Type::getTypeInternal (218 bytes)
Event: 2.510 Thread 0x0000024ef991bf20 nmethod 893 0x0000024e80155e90 code [0x0000024e801561e0, 0x0000024e80157380]
Event: 2.510 Thread 0x0000024ef991bf20  896       3       java.lang.invoke.MemberName::<init> (50 bytes)
Event: 2.510 Thread 0x0000024ef991bf20 nmethod 896 0x0000024e80157990 code [0x0000024e80157b80, 0x0000024e80157ea0]
Event: 2.510 Thread 0x0000024ef991bf20  894       3       jdk.internal.org.objectweb.asm.MethodWriter::visitFieldInsn (258 bytes)

GC Heap History (0 events):
No events

Dll operation events (8 events):
Event: 0.043 Loaded shared library c:\Users\Roopkiran Dhillon\.vscode\extensions\redhat.java-1.53.0-win32-x64\jre\21.0.10-win32-x86_64\bin\java.dll
Event: 0.423 Loaded shared library c:\Users\Roopkiran Dhillon\.vscode\extensions\redhat.java-1.53.0-win32-x64\jre\21.0.10-win32-x86_64\bin\zip.dll
Event: 0.473 Loaded shared library C:\Users\Roopkiran Dhillon\.vscode\extensions\redhat.java-1.53.0-win32-x64\jre\21.0.10-win32-x86_64\bin\instrument.dll
Event: 0.570 Loaded shared library C:\Users\Roopkiran Dhillon\.vscode\extensions\redhat.java-1.53.0-win32-x64\jre\21.0.10-win32-x86_64\bin\net.dll
Event: 0.648 Loaded shared library C:\Users\Roopkiran Dhillon\.vscode\extensions\redhat.java-1.53.0-win32-x64\jre\21.0.10-win32-x86_64\bin\nio.dll
Event: 0.660 Loaded shared library C:\Users\Roopkiran Dhillon\.vscode\extensions\redhat.java-1.53.0-win32-x64\jre\21.0.10-win32-x86_64\bin\zip.dll
Event: 0.761 Loaded shared library C:\Users\Roopkiran Dhillon\.vscode\extensions\redhat.java-1.53.0-win32-x64\jre\21.0.10-win32-x86_64\bin\jimage.dll
Event: 1.314 Loaded shared library c:\Users\Roopkiran Dhillon\.vscode\extensions\redhat.java-1.53.0-win32-x64\jre\21.0.10-win32-x86_64\bin\verify.dll

Deoptimization events (20 events):
Event: 2.069 Thread 0x0000024eee2d98a0 Uncommon trap: trap_request=0xffffffde fr.pc=0x0000024e87b0068c relative=0x00000000000009ac
Event: 2.069 Thread 0x0000024eee2d98a0 Uncommon trap: reason=class_check action=maybe_recompile pc=0x0000024e87b0068c method=java.util.HashMap.putVal(ILjava/lang/Object;Ljava/lang/Object;ZZ)Ljava/lang/Object; @ 91 c2
Event: 2.069 Thread 0x0000024eee2d98a0 DEOPT PACKING pc=0x0000024e87b0068c sp=0x0000005c7bafe200
Event: 2.069 Thread 0x0000024eee2d98a0 DEOPT UNPACKING pc=0x0000024e87583aa2 sp=0x0000005c7bafe190 mode 2
Event: 2.080 Thread 0x0000024eee2d98a0 Uncommon trap: trap_request=0xffffff6e fr.pc=0x0000024e87b128ac relative=0x000000000000020c
Event: 2.080 Thread 0x0000024eee2d98a0 Uncommon trap: reason=loop_limit_check action=maybe_recompile pc=0x0000024e87b128ac method=java.math.BigInteger.implMulAdd([I[IIII)I @ 26 c2
Event: 2.080 Thread 0x0000024eee2d98a0 DEOPT PACKING pc=0x0000024e87b128ac sp=0x0000005c7bafdbb0
Event: 2.080 Thread 0x0000024eee2d98a0 DEOPT UNPACKING pc=0x0000024e87583aa2 sp=0x0000005c7bafdb00 mode 2
Event: 2.302 Thread 0x0000024eee2d98a0 Uncommon trap: trap_request=0xffffff45 fr.pc=0x0000024e87b1832c relative=0x000000000000008c
Event: 2.302 Thread 0x0000024eee2d98a0 Uncommon trap: reason=unstable_if action=reinterpret pc=0x0000024e87b1832c method=jdk.internal.misc.Unsafe.convEndian(ZI)I @ 4 c2
Event: 2.302 Thread 0x0000024eee2d98a0 DEOPT PACKING pc=0x0000024e87b1832c sp=0x0000005c7bafdf10
Event: 2.302 Thread 0x0000024eee2d98a0 DEOPT UNPACKING pc=0x0000024e87583aa2 sp=0x0000005c7bafde40 mode 2
Event: 2.310 Thread 0x0000024eee2d98a0 Uncommon trap: trap_request=0xffffff45 fr.pc=0x0000024e87b04008 relative=0x0000000000000628
Event: 2.310 Thread 0x0000024eee2d98a0 Uncommon trap: reason=unstable_if action=reinterpret pc=0x0000024e87b04008 method=java.lang.AbstractStringBuilder.append(Ljava/lang/String;)Ljava/lang/AbstractStringBuilder; @ 1 c2
Event: 2.310 Thread 0x0000024eee2d98a0 DEOPT PACKING pc=0x0000024e87b04008 sp=0x0000005c7bafe270
Event: 2.310 Thread 0x0000024eee2d98a0 DEOPT UNPACKING pc=0x0000024e87583aa2 sp=0x0000005c7bafe200 mode 2
Event: 2.311 Thread 0x0000024eee2d98a0 Uncommon trap: trap_request=0xffffff45 fr.pc=0x0000024e87b04c74 relative=0x0000000000000614
Event: 2.311 Thread 0x0000024eee2d98a0 Uncommon trap: reason=unstable_if action=reinterpret pc=0x0000024e87b04c74 method=java.lang.AbstractStringBuilder.append(Ljava/lang/String;)Ljava/lang/AbstractStringBuilder; @ 1 c2
Event: 2.311 Thread 0x0000024eee2d98a0 DEOPT PACKING pc=0x0000024e87b04c74 sp=0x0000005c7bafe220
Event: 2.311 Thread 0x0000024eee2d98a0 DEOPT UNPACKING pc=0x0000024e87583aa2 sp=0x0000005c7bafe208 mode 2

Classes loaded (20 events):
Event: 2.320 Loading class java/util/regex/Pattern$1MatcherIterator
Event: 2.320 Loading class java/util/regex/Pattern$1MatcherIterator done
Event: 2.324 Loading class java/util/ImmutableCollections$Access
Event: 2.325 Loading class java/util/ImmutableCollections$Access done
Event: 2.325 Loading class java/util/ImmutableCollections$Access$1
Event: 2.325 Loading class jdk/internal/access/JavaUtilCollectionAccess
Event: 2.325 Loading class jdk/internal/access/JavaUtilCollectionAccess done
Event: 2.325 Loading class java/util/ImmutableCollections$Access$1 done
Event: 2.331 Loading class java/util/stream/Nodes$SpinedNodeBuilder
Event: 2.332 Loading class java/util/stream/SpinedBuffer
Event: 2.335 Loading class java/util/stream/AbstractSpinedBuffer
Event: 2.335 Loading class java/util/stream/AbstractSpinedBuffer done
Event: 2.336 Loading class java/util/stream/SpinedBuffer done
Event: 2.336 Loading class java/util/stream/Nodes$SpinedNodeBuilder done
Event: 2.351 Loading class java/lang/invoke/DirectMethodHandle$Special
Event: 2.352 Loading class java/lang/invoke/DirectMethodHandle$Special done
Event: 2.382 Loading class java/util/stream/ReduceOps$2
Event: 2.382 Loading class java/util/stream/ReduceOps$2 done
Event: 2.383 Loading class java/util/stream/ReduceOps$2ReducingSink
Event: 2.384 Loading class java/util/stream/ReduceOps$2ReducingSink done

Classes unloaded (0 events):
No events

Classes redefined (0 events):
No events

Internal exceptions (20 events):
Event: 0.991 Thread 0x0000024eee2d98a0 Exception <a 'java/lang/NoSuchMethodError'{0x00000000d59ec550}: 'void java.lang.invoke.DelegatingMethodHandle$Holder.reinvoke_L(java.lang.Object, java.lang.Object, java.lang.Object, int, java.lang.Object)'> (0x00000000d59ec550) 
thrown [s\src\hotspot\share\interpreter\linkResolver.cpp, line 773]
Event: 0.992 Thread 0x0000024eee2d98a0 Exception <a 'java/lang/NoSuchMethodError'{0x00000000d59eff88}: 'int java.lang.invoke.DirectMethodHandle$Holder.invokeSpecial(java.lang.Object, java.lang.Object, java.lang.Object)'> (0x00000000d59eff88) 
thrown [s\src\hotspot\share\interpreter\linkResolver.cpp, line 773]
Event: 1.001 Thread 0x0000024eee2d98a0 Exception <a 'java/lang/NoSuchMethodError'{0x00000000d5a08c78}: 'java.lang.Object java.lang.invoke.DirectMethodHandle$Holder.invokeStatic(java.lang.Object, java.lang.Object, int)'> (0x00000000d5a08c78) 
thrown [s\src\hotspot\share\interpreter\linkResolver.cpp, line 773]
Event: 1.003 Thread 0x0000024eee2d98a0 Exception <a 'java/lang/NoSuchMethodError'{0x00000000d5a0d5c8}: 'void java.lang.invoke.DirectMethodHandle$Holder.invokeStatic(java.lang.Object, java.lang.Object, int, java.lang.Object)'> (0x00000000d5a0d5c8) 
thrown [s\src\hotspot\share\interpreter\linkResolver.cpp, line 773]
Event: 1.005 Thread 0x0000024eee2d98a0 Exception <a 'java/lang/NoSuchMethodError'{0x00000000d5a11158}: 'void java.lang.invoke.DirectMethodHandle$Holder.invokeSpecial(java.lang.Object, java.lang.Object, java.lang.Object, int, java.lang.Object)'> (0x00000000d5a11158) 
thrown [s\src\hotspot\share\interpreter\linkResolver.cpp, line 773]
Event: 1.006 Thread 0x0000024eee2d98a0 Exception <a 'java/lang/NoSuchMethodError'{0x00000000d5a14ac0}: 'void java.lang.invoke.DelegatingMethodHandle$Holder.delegate(java.lang.Object, java.lang.Object, int, java.lang.Object)'> (0x00000000d5a14ac0) 
thrown [s\src\hotspot\share\interpreter\linkResolver.cpp, line 773]
Event: 1.388 Thread 0x0000024eee2d98a0 Exception <a 'java/lang/NoSuchMethodError'{0x00000000d5be2400}: 'void java.lang.invoke.DelegatingMethodHandle$Holder.reinvoke_L(java.lang.Object, java.lang.Object, java.lang.Object, int)'> (0x00000000d5be2400) 
thrown [s\src\hotspot\share\interpreter\linkResolver.cpp, line 773]
Event: 1.829 Thread 0x0000024eee2d98a0 Exception <a 'java/lang/NoSuchMethodError'{0x00000000d607f528}: 'void java.lang.invoke.DirectMethodHandle$Holder.invokeVirtual(java.lang.Object, java.lang.Object)'> (0x00000000d607f528) 
thrown [s\src\hotspot\share\interpreter\linkResolver.cpp, line 773]
Event: 2.173 Thread 0x0000024eee2d98a0 Exception <a 'java/lang/NoSuchMethodError'{0x00000000d645e628}: 'void java.lang.invoke.DirectMethodHandle$Holder.invokeStatic(java.lang.Object, java.lang.Object)'> (0x00000000d645e628) 
thrown [s\src\hotspot\share\interpreter\linkResolver.cpp, line 773]
Event: 2.188 Thread 0x0000024eee2d98a0 Exception <a 'java/lang/ClassNotFoundException'{0x00000000d6486738}: sun/net/www/protocol/c/Handler> (0x00000000d6486738) 
thrown [s\src\hotspot\share\classfile\systemDictionary.cpp, line 312]
Event: 2.294 Thread 0x0000024eee2d98a0 Exception <a 'java/io/FileNotFoundException'{0x00000000d64edcb8}> (0x00000000d64edcb8) 
thrown [s\src\hotspot\share\prims\jni.cpp, line 520]
Event: 2.294 Thread 0x0000024eee2d98a0 Exception <a 'java/io/FileNotFoundException'{0x00000000d64ef040}> (0x00000000d64ef040) 
thrown [s\src\hotspot\share\prims\jni.cpp, line 520]
Event: 2.295 Thread 0x0000024eee2d98a0 Exception <a 'java/io/FileNotFoundException'{0x00000000d64efd18}> (0x00000000d64efd18) 
thrown [s\src\hotspot\share\prims\jni.cpp, line 520]
Event: 2.296 Thread 0x0000024eee2d98a0 Exception <a 'java/io/FileNotFoundException'{0x00000000d64f08c8}> (0x00000000d64f08c8) 
thrown [s\src\hotspot\share\prims\jni.cpp, line 520]
Event: 2.310 Thread 0x0000024eee2d98a0 Implicit null exception at 0x0000024e87b03a24 to 0x0000024e87b03ff0
Event: 2.311 Thread 0x0000024eee2d98a0 Implicit null exception at 0x0000024e87b046a0 to 0x0000024e87b04c5c
Event: 2.318 Thread 0x0000024eee2d98a0 Exception <a 'java/io/FileNotFoundException'{0x00000000d652ab40}> (0x00000000d652ab40) 
thrown [s\src\hotspot\share\prims\jni.cpp, line 520]
Event: 2.353 Thread 0x0000024eee2d98a0 Exception <a 'java/lang/NoSuchMethodError'{0x00000000d6567a20}: 'java.lang.Object java.lang.invoke.DirectMethodHandle$Holder.invokeInterface(java.lang.Object, java.lang.Object)'> (0x00000000d6567a20) 
thrown [s\src\hotspot\share\interpreter\linkResolver.cpp, line 773]
Event: 2.362 Thread 0x0000024eee2d98a0 Exception <a 'java/lang/NoSuchMethodError'{0x00000000d657b508}: 'java.lang.Object java.lang.invoke.Invokers$Holder.invokeExact_MT(java.lang.Object, java.lang.Object, java.lang.Object, java.lang.Object, java.lang.Object, java.lang.Object)'> (0x00000000d657b508) 
thrown [s\src\hotspot\share\interpreter\linkResolver.cpp, line 773]
Event: 2.376 Thread 0x0000024eee2d98a0 Exception <a 'java/lang/NoSuchMethodError'{0x00000000d65925e0}: 'int java.lang.invoke.DirectMethodHandle$Holder.invokeStatic(java.lang.Object, java.lang.Object, java.lang.Object, java.lang.Object, java.lang.Object)'> (0x00000000d65925e0) 
thrown [s\src\hotspot\share\interpreter\linkResolver.cpp, line 773]

ZGC Phase Switch (0 events):
No events

VM Operations (10 events):
Event: 0.416 Executing non-safepoint VM operation: HandshakeAllThreads (Deoptimize)
Event: 0.416 Executing non-safepoint VM operation: HandshakeAllThreads (Deoptimize) done
Event: 0.817 Executing non-safepoint VM operation: HandshakeAllThreads (Deoptimize)
Event: 0.817 Executing non-safepoint VM operation: HandshakeAllThreads (Deoptimize) done
Event: 1.826 Executing safepoint VM operation: Cleanup
Event: 1.826 Executing safepoint VM operation: Cleanup done
Event: 2.104 Executing non-safepoint VM operation: HandshakeAllThreads (Deoptimize)
Event: 2.104 Executing non-safepoint VM operation: HandshakeAllThreads (Deoptimize) done
Event: 2.158 Executing non-safepoint VM operation: HandshakeAllThreads (Deoptimize)
Event: 2.158 Executing non-safepoint VM operation: HandshakeAllThreads (Deoptimize) done

Memory protections (0 events):
No events

Nmethod flushes (0 events):
No events

Events (15 events):
Event: 0.162 Thread 0x0000024eee2d98a0 Thread added: 0x0000024eee2d98a0
Event: 0.294 Thread 0x0000024eee2d98a0 Thread added: 0x0000024ef075b6c0
Event: 0.294 Thread 0x0000024eee2d98a0 Thread added: 0x0000024ef0615b30
Event: 0.295 Thread 0x0000024eee2d98a0 Thread added: 0x0000024ef0618120
Event: 0.295 Thread 0x0000024eee2d98a0 Thread added: 0x0000024ef061af30
Event: 0.295 Thread 0x0000024eee2d98a0 Thread added: 0x0000024ef061cea0
Event: 0.295 Thread 0x0000024eee2d98a0 Thread added: 0x0000024ef061c180
Event: 0.296 Thread 0x0000024eee2d98a0 Thread added: 0x0000024ef0624380
Event: 0.307 Thread 0x0000024eee2d98a0 Thread added: 0x0000024ef991bf20
Event: 0.444 Thread 0x0000024ef991bf20 Thread added: 0x0000024ef9aadab0
Event: 0.479 Thread 0x0000024eee2d98a0 Thread added: 0x0000024ef061ef70
Event: 0.665 Thread 0x0000024ef9aadab0 Thread exited: 0x0000024ef9aadab0
Event: 1.595 Thread 0x0000024eee2d98a0 Thread added: 0x0000024ef061d530
Event: 1.638 Thread 0x0000024ef0624380 Thread added: 0x0000024ef9cbf290
Event: 1.903 Thread 0x0000024ef0624380 Thread added: 0x0000024ef9cb63c0


Dynamic libraries:
0x00007ff760450000 - 0x00007ff76045e000 	c:\Users\Roopkiran Dhillon\.vscode\extensions\redhat.java-1.53.0-win32-x64\jre\21.0.10-win32-x86_64\bin\java.exe
0x00007ffdfffa0000 - 0x00007ffe00208000 	C:\WINDOWS\SYSTEM32\ntdll.dll
0x00007ffdfe2f0000 - 0x00007ffdfe3b9000 	C:\WINDOWS\System32\KERNEL32.DLL
0x00007ffdfd3a0000 - 0x00007ffdfd792000 	C:\WINDOWS\System32\KERNELBASE.dll
0x00007ffdfdc20000 - 0x00007ffdfdd6b000 	C:\WINDOWS\System32\ucrtbase.dll
0x00007ffddbe20000 - 0x00007ffddbe38000 	c:\Users\Roopkiran Dhillon\.vscode\extensions\redhat.java-1.53.0-win32-x64\jre\21.0.10-win32-x86_64\bin\jli.dll
0x00007ffdfdf30000 - 0x00007ffdfe0f5000 	C:\WINDOWS\System32\USER32.dll
0x00007ffdce7b0000 - 0x00007ffdce7ce000 	c:\Users\Roopkiran Dhillon\.vscode\extensions\redhat.java-1.53.0-win32-x64\jre\21.0.10-win32-x86_64\bin\VCRUNTIME140.dll
0x00007ffdfd370000 - 0x00007ffdfd397000 	C:\WINDOWS\System32\win32u.dll
0x00007ffde4390000 - 0x00007ffde4623000 	C:\WINDOWS\WinSxS\amd64_microsoft.windows.common-controls_6595b64144ccf1df_6.0.26100.6725_none_3e085828e334708b\COMCTL32.dll
0x00007ffdfdd70000 - 0x00007ffdfde19000 	C:\WINDOWS\System32\msvcrt.dll
0x00007ffdfded0000 - 0x00007ffdfdefb000 	C:\WINDOWS\System32\GDI32.dll
0x00007ffdfd9b0000 - 0x00007ffdfdadd000 	C:\WINDOWS\System32\gdi32full.dll
0x00007ffdfdb70000 - 0x00007ffdfdc13000 	C:\WINDOWS\System32\msvcp_win.dll
0x00007ffdfef10000 - 0x00007ffdfef3f000 	C:\WINDOWS\System32\IMM32.DLL
0x00007ffdf9210000 - 0x00007ffdf921c000 	c:\Users\Roopkiran Dhillon\.vscode\extensions\redhat.java-1.53.0-win32-x64\jre\21.0.10-win32-x86_64\bin\vcruntime140_1.dll
0x00007ffdb52f0000 - 0x00007ffdb537d000 	c:\Users\Roopkiran Dhillon\.vscode\extensions\redhat.java-1.53.0-win32-x64\jre\21.0.10-win32-x86_64\bin\msvcp140.dll
0x00007ffd59980000 - 0x00007ffd5a721000 	c:\Users\Roopkiran Dhillon\.vscode\extensions\redhat.java-1.53.0-win32-x64\jre\21.0.10-win32-x86_64\bin\server\jvm.dll
0x00007ffdff240000 - 0x00007ffdff2f4000 	C:\WINDOWS\System32\ADVAPI32.dll
0x00007ffdfde20000 - 0x00007ffdfdec6000 	C:\WINDOWS\System32\sechost.dll
0x00007ffdffc30000 - 0x00007ffdffd48000 	C:\WINDOWS\System32\RPCRT4.dll
0x00007ffdff350000 - 0x00007ffdff3c4000 	C:\WINDOWS\System32\WS2_32.dll
0x00007ffdfcf90000 - 0x00007ffdfcfee000 	C:\WINDOWS\SYSTEM32\POWRPROF.dll
0x00007ffde5ca0000 - 0x00007ffde5cd5000 	C:\WINDOWS\SYSTEM32\WINMM.dll
0x00007ffde9760000 - 0x00007ffde976b000 	C:\WINDOWS\SYSTEM32\VERSION.dll
0x00007ffdfcf70000 - 0x00007ffdfcf84000 	C:\WINDOWS\SYSTEM32\UMPDC.dll
0x00007ffdfbf00000 - 0x00007ffdfbf1b000 	C:\WINDOWS\SYSTEM32\kernel.appcore.dll
0x00007ffdf4cb0000 - 0x00007ffdf4cba000 	c:\Users\Roopkiran Dhillon\.vscode\extensions\redhat.java-1.53.0-win32-x64\jre\21.0.10-win32-x86_64\bin\jimage.dll
0x00007ffdfa7e0000 - 0x00007ffdfaa22000 	C:\WINDOWS\SYSTEM32\DBGHELP.DLL
0x00007ffdfea30000 - 0x00007ffdfedab000 	C:\WINDOWS\System32\combase.dll
0x00007ffdfee30000 - 0x00007ffdfef07000 	C:\WINDOWS\System32\OLEAUT32.dll
0x00007ffde0f50000 - 0x00007ffde0f8c000 	C:\WINDOWS\SYSTEM32\dbgcore.DLL
0x00007ffdfd7a0000 - 0x00007ffdfd838000 	C:\WINDOWS\System32\bcryptPrimitives.dll
0x00007ffdec030000 - 0x00007ffdec03f000 	c:\Users\Roopkiran Dhillon\.vscode\extensions\redhat.java-1.53.0-win32-x64\jre\21.0.10-win32-x86_64\bin\instrument.dll
0x00007ffdc9c30000 - 0x00007ffdc9c50000 	c:\Users\Roopkiran Dhillon\.vscode\extensions\redhat.java-1.53.0-win32-x64\jre\21.0.10-win32-x86_64\bin\java.dll
0x00007ffdff4e0000 - 0x00007ffdffc2c000 	C:\WINDOWS\System32\SHELL32.dll
0x00007ffdfd840000 - 0x00007ffdfd9ab000 	C:\WINDOWS\System32\wintypes.dll
0x00007ffdfad50000 - 0x00007ffdfb5ad000 	C:\WINDOWS\SYSTEM32\windows.storage.dll
0x00007ffdff3e0000 - 0x00007ffdff4d2000 	C:\WINDOWS\System32\SHCORE.dll
0x00007ffdffe80000 - 0x00007ffdffee2000 	C:\WINDOWS\System32\shlwapi.dll
0x00007ffdfd050000 - 0x00007ffdfd079000 	C:\WINDOWS\SYSTEM32\profapi.dll
0x00007ffdbfe30000 - 0x00007ffdbfe48000 	c:\Users\Roopkiran Dhillon\.vscode\extensions\redhat.java-1.53.0-win32-x64\jre\21.0.10-win32-x86_64\bin\zip.dll
0x00007ffdeb140000 - 0x00007ffdeb150000 	C:\Users\Roopkiran Dhillon\.vscode\extensions\redhat.java-1.53.0-win32-x64\jre\21.0.10-win32-x86_64\bin\net.dll
0x00007ffdeb690000 - 0x00007ffdeb7af000 	C:\WINDOWS\SYSTEM32\WINHTTP.dll
0x00007ffdfc470000 - 0x00007ffdfc4db000 	C:\WINDOWS\system32\mswsock.dll
0x00007ffdbd620000 - 0x00007ffdbd636000 	C:\Users\Roopkiran Dhillon\.vscode\extensions\redhat.java-1.53.0-win32-x64\jre\21.0.10-win32-x86_64\bin\nio.dll
0x00007ffde5bf0000 - 0x00007ffde5c00000 	c:\Users\Roopkiran Dhillon\.vscode\extensions\redhat.java-1.53.0-win32-x64\jre\21.0.10-win32-x86_64\bin\verify.dll

JVMTI agents:
c:\Users\Roopkiran Dhillon\.vscode\extensions\redhat.java-1.53.0-win32-x64\lombok\lombok-1.18.39-4050.jar path:c:\Users\Roopkiran Dhillon\.vscode\extensions\redhat.java-1.53.0-win32-x64\jre\21.0.10-win32-x86_64\bin\instrument.dll, loaded, initialized, instrumentlib options:none

dbghelp: loaded successfully - version: 4.0.5 - missing functions: none
symbol engine: initialized successfully - sym options: 0x614 - pdb path: .;c:\Users\Roopkiran Dhillon\.vscode\extensions\redhat.java-1.53.0-win32-x64\jre\21.0.10-win32-x86_64\bin;C:\WINDOWS\SYSTEM32;C:\WINDOWS\WinSxS\amd64_microsoft.windows.common-controls_6595b64144ccf1df_6.0.26100.6725_none_3e085828e334708b;c:\Users\Roopkiran Dhillon\.vscode\extensions\redhat.java-1.53.0-win32-x64\jre\21.0.10-win32-x86_64\bin\server

VM Arguments:
jvm_args: --add-modules=ALL-SYSTEM --add-opens=java.base/java.util=ALL-UNNAMED --add-opens=java.base/java.lang=ALL-UNNAMED --add-opens=java.base/sun.nio.fs=ALL-UNNAMED -Declipse.application=org.eclipse.jdt.ls.core.id1 -Dosgi.bundles.defaultStartLevel=4 -Declipse.product=org.eclipse.jdt.ls.core.product -Djava.import.generatesMetadataFilesAtProjectRoot=false -DDetectVMInstallationsJob.disabled=true -Dfile.encoding=utf8 -XX:+UseParallelGC -XX:GCTimeRatio=4 -XX:AdaptiveSizePolicyWeight=90 -Dsun.zip.disableMemoryMapping=true -Xmx2G -Xms100m -Xlog:disable -javaagent:c:\Users\Roopkiran Dhillon\.vscode\extensions\redhat.java-1.53.0-win32-x64\lombok\lombok-1.18.39-4050.jar -XX:+HeapDumpOnOutOfMemoryError -XX:HeapDumpPath=c:\Users\Roopkiran Dhillon\AppData\Roaming\Code\User\workspaceStorage\709dc775610fadc2579a0eeb08c360c2\redhat.java -Daether.dependencyCollector.impl=bf 
java_command: c:\Users\Roopkiran Dhillon\.vscode\extensions\redhat.java-1.53.0-win32-x64\server\plugins\org.eclipse.equinox.launcher_1.7.100.v20251111-0406.jar -configuration c:\Users\Roopkiran Dhillon\AppData\Roaming\Code\User\globalStorage\redhat.java\1.53.0\config_win -data c:\Users\Roopkiran Dhillon\AppData\Roaming\Code\User\workspaceStorage\709dc775610fadc2579a0eeb08c360c2\redhat.java\jdt_ws --pipe=\\.\pipe\lsp-8b0e28e54497637a69487fbc0d6f7b62-sock
java_class_path (initial): c:\Users\Roopkiran Dhillon\.vscode\extensions\redhat.java-1.53.0-win32-x64\server\plugins\org.eclipse.equinox.launcher_1.7.100.v20251111-0406.jar
Launcher Type: SUN_STANDARD

[Global flags]
    uintx AdaptiveSizePolicyWeight                 = 90                                        {product} {command line}
     intx CICompilerCount                          = 4                                         {product} {ergonomic}
    uintx GCTimeRatio                              = 4                                         {product} {command line}
     bool HeapDumpOnOutOfMemoryError               = true                                   {manageable} {command line}
    ccstr HeapDumpPath                             = c:\Users\Roopkiran Dhillon\AppData\Roaming\Code\User\workspaceStorage\709dc775610fadc2579a0eeb08c360c2\redhat.java         {manageable} {command line}
   size_t InitialHeapSize                          = 104857600                                 {product} {command line}
   size_t MaxHeapSize                              = 2147483648                                {product} {command line}
   size_t MaxNewSize                               = 715653120                                 {product} {ergonomic}
   size_t MinHeapDeltaBytes                        = 524288                                    {product} {ergonomic}
   size_t MinHeapSize                              = 104857600                                 {product} {command line}
   size_t NewSize                                  = 34603008                                  {product} {ergonomic}
    uintx NonNMethodCodeHeapSize                   = 5839372                                {pd product} {ergonomic}
    uintx NonProfiledCodeHeapSize                  = 122909434                              {pd product} {ergonomic}
   size_t OldSize                                  = 70254592                                  {product} {ergonomic}
    uintx ProfiledCodeHeapSize                     = 122909434                              {pd product} {ergonomic}
    uintx ReservedCodeCacheSize                    = 251658240                              {pd product} {ergonomic}
     bool SegmentedCodeCache                       = true                                      {product} {ergonomic}
   size_t SoftMaxHeapSize                          = 2147483648                             {manageable} {ergonomic}
     bool UseCompressedOops                        = true                           {product lp64_product} {ergonomic}
     bool UseLargePagesIndividualAllocation        = false                                  {pd product} {ergonomic}
     bool UseParallelGC                            = true                                      {product} {command line}

Logging:
Log output configuration:
 #0: stdout all=off uptime,level,tags foldmultilines=false
 #1: stderr all=off uptime,level,tags foldmultilines=false

Release file:
JAVA_VERSION="21.0.10" 
MODULES="java.base java.compiler java.datatransfer java.xml java.prefs java.desktop java.instrument java.logging java.management java.security.sasl java.naming java.rmi java.management.rmi java.net.http java.scripting java.security.jgss java.transaction.xa java.sql java.sql.rowset java.xml.crypto java.se java.smartcardio jdk.accessibility jdk.internal.jvmstat jdk.attach jdk.charsets jdk.internal.opt jdk.zipfs jdk.compiler jdk.crypto.ec jdk.crypto.cryptoki jdk.crypto.mscapi jdk.dynalink jdk.internal.ed jdk.editpad jdk.hotspot.agent jdk.httpserver jdk.internal.le jdk.internal.vm.ci jdk.internal.vm.compiler jdk.internal.vm.compiler.management jdk.jartool jdk.javadoc jdk.jcmd jdk.management jdk.management.agent jdk.jconsole jdk.jdeps jdk.jdwp.agent jdk.jdi jdk.jfr jdk.jshell jdk.jsobject jdk.jstatd jdk.localedata jdk.management.jfr jdk.naming.dns jdk.naming.rmi jdk.net jdk.nio.mapmode jdk.random jdk.sctp jdk.security.auth jdk.security.jgss jdk.unsupported jdk.unsupported.desktop jdk.xml.dom" 

Environment Variables:
JAVA_HOME=C:\Program Files\Eclipse Adoptium\jdk-8.0.482.8-hotspot
PATH=C:\Users\Roopkiran Dhillon\AppData\Local\Programs\Microsoft VS Code;C:\Program Files\Eclipse Adoptium\jdk-8.0.482.8-hotspot\bin;C:\Program Files\Eclipse Adoptium\jdk-8.0.482.8-hotspot\bin;C:\maven\apache-maven-3.9.11\bin;C:\Program Files\Microsoft SQL Server\Client SDK\ODBC\170\Tools\Binn\;C:\Program Files\Microsoft SQL Server\160\DTS\Binn\;C:\Users\Roopkiran Dhillon\AppData\Local\Programs\Python\Python313\Scripts\;C:\Users\Roopkiran Dhillon\AppData\Local\Programs\Python\Python313\;C:\Users\Roopkiran Dhillon\AppData\Local\Programs\Python\Launcher\;C:\Program Files\Eclipse Adoptium\jdk-8.0.482.8-hotspot\bin;C:\Users\Roopkiran Dhillon\AppData\Local\Programs\Microsoft VS Code\bin
USERNAME=Roopkiran Dhillon
OS=Windows_NT
PROCESSOR_IDENTIFIER=Intel64 Family 6 Model 142 Stepping 10, GenuineIntel
TMP=C:\Users\ROOPKI~1\AppData\Local\Temp
TEMP=C:\Users\ROOPKI~1\AppData\Local\Temp




Periodic native trim disabled

---------------  S Y S T E M  ---------------

OS:
 Windows 11 , 64 bit Build 26100 (10.0.26100.6725)
OS uptime: 0 days 19:56 hours
Hyper-V role detected

CPU: total 8 (initial active 8) (4 cores per cpu, 2 threads per core) family 6 model 142 stepping 10 microcode 0xf0, cx8, cmov, fxsr, ht, mmx, 3dnowpref, sse, sse2, sse3, ssse3, sse4.1, sse4.2, popcnt, lzcnt, tsc, tscinvbit, avx, avx2, aes, erms, clmul, bmi1, bmi2, adx, fma, vzeroupper, clflush, clflushopt, hv, rdtscp, f16c
Processor Information for the first 8 processors :
  Max Mhz: 1800, Current Mhz: 1600, Mhz Limit: 1584

Memory: 4k page, system-wide physical 8109M (924M free)
TotalPageFile size 12104M (AvailPageFile size 15M)
current process WorkingSet (physical memory assigned to process): 68M, peak: 68M
current process commit charge ("private bytes"): 234M, peak: 235M

vm_info: OpenJDK 64-Bit Server VM (21.0.10+7-LTS) for windows-amd64 JRE (21.0.10+7-LTS), built on 2026-01-20T00:00:00Z by "admin" with MS VC++ 17.12 (VS2022)

END.
